ERROR - 2022-07-20 14:34:28 --> Error connecting to the database: Hedef makine etkin olarak reddettiğinden bağlantı kurulamadı
CRITICAL - 2022-07-20 14:34:28 --> Unable to connect to the database.
Main connection [MySQLi]: Hedef makine etkin olarak reddettiğinden bağlantı kurulamadı
#0 C:\wamp64\www\CMS\system\Session\Handlers\DatabaseHandler.php(94): CodeIgniter\Database\BaseConnection->initialize()
#1 [internal function]: CodeIgniter\Session\Handlers\DatabaseHandler->open('ci_sessions', 'ci_session')
#2 C:\wamp64\www\CMS\system\Session\Session.php(894): session_start()
#3 C:\wamp64\www\CMS\system\Session\Session.php(238): CodeIgniter\Session\Session->startSession()
#4 C:\wamp64\www\CMS\system\Config\Services.php(577): CodeIgniter\Session\Session->start()
#5 C:\wamp64\www\CMS\system\Config\BaseService.php(248): CodeIgniter\Config\Services::session(Object(Config\App), false)
#6 C:\wamp64\www\CMS\system\Config\BaseService.php(189): CodeIgniter\Config\BaseService::__callStatic('session', Array)
#7 C:\wamp64\www\CMS\system\Config\Services.php(563): CodeIgniter\Config\BaseService::getSharedInstance('session', NULL)
#8 C:\wamp64\www\CMS\system\Config\BaseService.php(248): CodeIgniter\Config\Services::session()
#9 C:\wamp64\www\CMS\app\Config\Globals.php(27): CodeIgniter\Config\BaseService::__callStatic('session', Array)
#10 C:\wamp64\www\CMS\app\Config\Globals.php(108): Config\Globals::setGlobals()
#11 C:\wamp64\www\CMS\system\Autoloader\Autoloader.php(264): include_once('C:\\wamp64\\www\\C...')
#12 C:\wamp64\www\CMS\system\Autoloader\Autoloader.php(241): CodeIgniter\Autoloader\Autoloader->includeFile('C:\\wamp64\\www\\C...')
#13 C:\wamp64\www\CMS\system\Autoloader\Autoloader.php(219): CodeIgniter\Autoloader\Autoloader->loadInNamespace('Config\\Globals')
#14 C:\wamp64\www\CMS\app\Config\Routes.php(7): CodeIgniter\Autoloader\Autoloader->loadClass('Config\\Globals')
#15 C:\wamp64\www\CMS\system\CodeIgniter.php(712): require('C:\\wamp64\\www\\C...')
#16 C:\wamp64\www\CMS\system\CodeIgniter.php(367): CodeIgniter\CodeIgniter->tryToRouteIt(Object(CodeIgniter\Router\RouteCollection))
#17 C:\wamp64\www\CMS\system\CodeIgniter.php(325): CodeIgniter\CodeIgniter->handleRequest(NULL, Object(Config\Cache), false)
#18 C:\wamp64\www\CMS\index.php(47): CodeIgniter\CodeIgniter->run()
#19 {main}
